{
"contracts/SimpleStorage.sol":{"l":{"18":1,"23":2,"35":0,"36":0},"path":"/home/usman-dev/learn-solidity-with-usman/hardhat-simple-storage/contracts/SimpleStorage.sol","s":{"1":2,"2":0},"b":{},"f":{"1":1,"2":2,"3":0},"fnMap":{"1":{"name":"store","line":17,"loc":{"start":{"line":17,"column":4},"end":{"line":20,"column":4}}},"2":{"name":"retrieve","line":22,"loc":{"start":{"line":22,"column":4},"end":{"line":24,"column":4}}},"3":{"name":"addArrayData","line":34,"loc":{"start":{"line":34,"column":4},"end":{"line":37,"column":4}}}},"statementMap":{"1":{"start":{"line":23,"column":8},"end":{"line":23,"column":29}},"2":{"start":{"line":35,"column":8},"end":{"line":35,"column":50}}},"branchMap":{}}}
